#
# There is insufficient memory for the Java Runtime Environment to continue.
# Native memory allocation (malloc) failed to allocate 543856 bytes for Chunk::new
# Possible reasons:
#   The system is out of physical RAM or swap space
#   In 32 bit mode, the process size limit was hit
# Possible solutions:
#   Reduce memory load on the system
#   Increase physical memory or swap space
#   Check if swap backing store is full
#   Use 64 bit Java on a 64 bit OS
#   Decrease Java heap size (-Xmx/-Xms)
#   Decrease number of Java threads
#   Decrease Java thread stack sizes (-Xss)
#   Set larger code cache with -XX:ReservedCodeCacheSize=
# This output file may be truncated or incomplete.
#
#  Out of Memory Error (allocation.cpp:323), pid=12156, tid=3616
#
# JRE version: Java(TM) SE Runtime Environment (7.0_80-b15) (build 1.7.0_80-b15)
# Java VM: Java HotSpot(TM) 64-Bit Server VM (24.80-b11 mixed mode windows-amd64 compressed oops)
# Failed to write core dump. Minidumps are not enabled by default on client versions of Windows
#

---------------  T H R E A D  ---------------

Current thread (0x000000000f74e000):  JavaThread "C2 CompilerThread1" daemon [_thread_in_native, id=3616, stack(0x0000000011510000,0x0000000011610000)]

Stack: [0x0000000011510000,0x0000000011610000]
[error occurred during error reporting (printing stack bounds), id 0xc0000005]


Current CompileTask:
C2:  20330 1171             java.util.DualPivotQuicksort::sort (1195 bytes)


---------------  P R O C E S S  ---------------

Java Threads: ( => current thread )
  0x00000000112ab000 JavaThread "pool-1-thread-4" [_thread_in_Java, id=7760, stack(0x00000000122b0000,0x00000000123b0000)]
  0x0000000011298800 JavaThread "pool-1-thread-3" [_thread_blocked, id=2672, stack(0x0000000011fc0000,0x00000000120c0000)]
  0x0000000011298000 JavaThread "pool-1-thread-2" [_thread_blocked, id=9556, stack(0x0000000011b80000,0x0000000011c80000)]
  0x00000000111f8800 JavaThread "pool-2-thread-1" [_thread_blocked, id=4512, stack(0x0000000011e10000,0x0000000011f10000)]
  0x0000000011227000 JavaThread "pool-1-thread-1" [_thread_blocked, id=7708, stack(0x0000000011cc0000,0x0000000011dc0000)]
  0x00000000110f4800 JavaThread "Service Thread" daemon [_thread_blocked, id=10548, stack(0x0000000010b60000,0x0000000010c60000)]
=>0x000000000f74e000 JavaThread "C2 CompilerThread1" daemon [_thread_in_native, id=3616, stack(0x0000000011510000,0x0000000011610000)]
  0x000000000f748800 JavaThread "C2 CompilerThread0" daemon [_thread_blocked, id=5932, stack(0x0000000010ff0000,0x00000000110f0000)]
  0x000000000f745800 JavaThread "Attach Listener" daemon [_thread_blocked, id=10340, stack(0x0000000010e60000,0x0000000010f60000)]
  0x000000000f740000 JavaThread "Signal Dispatcher" daemon [_thread_blocked, id=8716, stack(0x0000000010770000,0x0000000010870000)]
  0x000000000f6e5800 JavaThread "Finalizer" daemon [_thread_blocked, id=10596, stack(0x0000000010cc0000,0x0000000010dc0000)]
  0x000000000f6de800 JavaThread "Reference Handler" daemon [_thread_blocked, id=11372, stack(0x0000000010a30000,0x0000000010b30000)]
  0x0000000001eff000 JavaThread "main" [_thread_in_Java, id=11296, stack(0x0000000002610000,0x0000000002710000)]

Other Threads:
  0x000000000f6db000 VMThread [stack: 0x0000000010890000,0x0000000010990000] [id=10352]
  0x000000000f75f800 WatcherThread [stack: 0x00000000117b0000,0x00000000118b0000] [id=2224]

VM state:not at safepoint (normal execution)

VM Mutex/Monitor currently owned by a thread: None

Heap
 PSYoungGen      total 575488K, used 187309K [0x00000007aaa80000, 0x00000007e9280000, 0x0000000800000000)
  eden space 496640K, 26% used [0x00000007aaa80000,0x00000007b2b32228,0x00000007c8f80000)
  from space 78848K, 70% used [0x00000007c8f80000,0x00000007cc5b93a8,0x00000007cdc80000)
  to   space 114688K, 0% used [0x00000007e2280000,0x00000007e2280000,0x00000007e9280000)
 ParOldGen       total 173568K, used 173345K [0x0000000700000000, 0x000000070a980000, 0x00000007aaa80000)
  object space 173568K, 99% used [0x0000000700000000,0x000000070a948500,0x000000070a980000)
 PSPermGen       total 21504K, used 6183K [0x00000006fae00000, 0x00000006fc300000, 0x0000000700000000)
  object space 21504K, 28% used [0x00000006fae00000,0x00000006fb409f38,0x00000006fc300000)

Card table byte_map: [0x00000000057d0000,0x0000000006000000] byte_map_base: 0x0000000001ff9000

Polling page: 0x0000000000350000

Code Cache  [0x0000000002710000, 0x0000000002b80000, 0x0000000005710000)
 total_blobs=1342 nmethods=1105 adapters=189 free_code_cache=44953Kb largest_free_block=45681600

Compilation events (10 events):
Event: 20.280 Thread 0x000000000f74e000 nmethod 1166 0x0000000002878d10 code [0x0000000002878e60, 0x0000000002878f38]
Event: 20.280 Thread 0x000000000f748800 1167             com.android.dx.cf.code.LineNumberList$Item::getStartPc (5 bytes)
Event: 20.280 Thread 0x000000000f74e000 1168 %           com.android.dx.cf.code.LineNumberList::pcToLine @ 13 (73 bytes)
Event: 20.280 Thread 0x000000000f748800 nmethod 1167 0x000000000297ce50 code [0x000000000297cf80, 0x000000000297cfd8]
Event: 20.280 Thread 0x000000000f748800 1169             com.android.dx.cf.code.LineNumberList$Item::getLineNumber (5 bytes)
Event: 20.280 Thread 0x000000000f748800 nmethod 1169 0x000000000297cc50 code [0x000000000297cd80, 0x000000000297cdd8]
Event: 20.285 Thread 0x000000000f74e000 nmethod 1168% 0x0000000002791d50 code [0x0000000002791ea0, 0x0000000002792278]
Event: 20.285 Thread 0x000000000f748800 1170             com.android.dx.cf.code.LineNumberList::pcToLine (73 bytes)
Event: 20.289 Thread 0x000000000f748800 nmethod 1170 0x000000000297c710 code [0x000000000297c860, 0x000000000297cab8]
Event: 20.299 Thread 0x000000000f74e000 1171             java.util.DualPivotQuicksort::sort (1195 bytes)

GC Heap History (10 events):
Event: 8.285 GC heap before
{Heap before GC invocations=6 (full 0):
 PSYoungGen      total 141824K, used 141793K [0x00000007aaa80000, 0x00000007beb80000, 0x0000000800000000)
  eden space 131072K, 100% used [0x00000007aaa80000,0x00000007b2a80000,0x00000007b2a80000)
  from space 10752K, 99% used [0x00000007b2a80000,0x00000007b34f84c0,0x00000007b3500000)
  to   space 33280K, 0% used [0x00000007bcb00000,0x00000007bcb00000,0x00000007beb80000)
 ParOldGen       total 173568K, used 49948K [0x0000000700000000, 0x000000070a980000, 0x00000007aaa80000)
  object space 173568K, 28% used [0x0000000700000000,0x00000007030c7330,0x000000070a980000)
 PSPermGen       total 21504K, used 6107K [0x00000006fae00000, 0x00000006fc300000, 0x0000000700000000)
  object space 21504K, 28% used [0x00000006fae00000,0x00000006fb3f6d50,0x00000006fc300000)
Event: 8.360 GC heap after
Heap after GC invocations=6 (full 0):
 PSYoungGen      total 290304K, used 33159K [0x00000007aaa80000, 0x00000007bf580000, 0x0000000800000000)
  eden space 257024K, 0% used [0x00000007aaa80000,0x00000007aaa80000,0x00000007ba580000)
  from space 33280K, 99% used [0x00000007bcb00000,0x00000007beb61cf8,0x00000007beb80000)
  to   space 38400K, 0% used [0x00000007ba580000,0x00000007ba580000,0x00000007bcb00000)
 ParOldGen       total 173568K, used 49948K [0x0000000700000000, 0x000000070a980000, 0x00000007aaa80000)
  object space 173568K, 28% used [0x0000000700000000,0x00000007030c7330,0x000000070a980000)
 PSPermGen       total 21504K, used 6107K [0x00000006fae00000, 0x00000006fc300000, 0x0000000700000000)
  object space 21504K, 28% used [0x00000006fae00000,0x00000006fb3f6d50,0x00000006fc300000)
}
Event: 9.217 GC heap before
{Heap before GC invocations=7 (full 0):
 PSYoungGen      total 290304K, used 290183K [0x00000007aaa80000, 0x00000007bf580000, 0x0000000800000000)
  eden space 257024K, 100% used [0x00000007aaa80000,0x00000007ba580000,0x00000007ba580000)
  from space 33280K, 99% used [0x00000007bcb00000,0x00000007beb61cf8,0x00000007beb80000)
  to   space 38400K, 0% used [0x00000007ba580000,0x00000007ba580000,0x00000007bcb00000)
 ParOldGen       total 173568K, used 49948K [0x0000000700000000, 0x000000070a980000, 0x00000007aaa80000)
  object space 173568K, 28% used [0x0000000700000000,0x00000007030c7330,0x000000070a980000)
 PSPermGen       total 21504K, used 6118K [0x00000006fae00000, 0x00000006fc300000, 0x0000000700000000)
  object space 21504K, 28% used [0x00000006fae00000,0x00000006fb3f9af8,0x00000006fc300000)
Event: 9.963 GC heap after
Heap after GC invocations=7 (full 0):
 PSYoungGen      total 295424K, used 38377K [0x00000007aaa80000, 0x00000007d1880000, 0x0000000800000000)
  eden space 257024K, 0% used [0x00000007aaa80000,0x00000007aaa80000,0x00000007ba580000)
  from space 38400K, 99% used [0x00000007ba580000,0x00000007bcafa498,0x00000007bcb00000)
  to   space 61440K, 0% used [0x00000007cdc80000,0x00000007cdc80000,0x00000007d1880000)
 ParOldGen       total 173568K, used 84704K [0x0000000700000000, 0x000000070a980000, 0x00000007aaa80000)
  object space 173568K, 48% used [0x0000000700000000,0x00000007052b83b0,0x000000070a980000)
 PSPermGen       total 21504K, used 6118K [0x00000006fae00000, 0x00000006fc300000, 0x0000000700000000)
  object space 21504K, 28% used [0x00000006fae00000,0x00000006fb3f9af8,0x00000006fc300000)
}
Event: 11.739 GC heap before
{Heap before GC invocations=8 (full 0):
 PSYoungGen      total 295424K, used 295401K [0x00000007aaa80000, 0x00000007d1880000, 0x0000000800000000)
  eden space 257024K, 100% used [0x00000007aaa80000,0x00000007ba580000,0x00000007ba580000)
  from space 38400K, 99% used [0x00000007ba580000,0x00000007bcafa498,0x00000007bcb00000)
  to   space 61440K, 0% used [0x00000007cdc80000,0x00000007cdc80000,0x00000007d1880000)
 ParOldGen       total 173568K, used 84704K [0x0000000700000000, 0x000000070a980000, 0x00000007aaa80000)
  object space 173568K, 48% used [0x0000000700000000,0x00000007052b83b0,0x000000070a980000)
 PSPermGen       total 21504K, used 6131K [0x00000006fae00000, 0x00000006fc300000, 0x0000000700000000)
  object space 21504K, 28% used [0x00000006fae00000,0x00000006fb3fce10,0x00000006fc300000)
Event: 12.054 GC heap after
Heap after GC invocations=8 (full 0):
 PSYoungGen      total 558080K, used 61436K [0x00000007aaa80000, 0x00000007d3a80000, 0x0000000800000000)
  eden space 496640K, 0% used [0x00000007aaa80000,0x00000007aaa80000,0x00000007c8f80000)
  from space 61440K, 99% used [0x00000007cdc80000,0x00000007d187f178,0x00000007d1880000)
  to   space 78848K, 0% used [0x00000007c8f80000,0x00000007c8f80000,0x00000007cdc80000)
 ParOldGen       total 173568K, used 101254K [0x0000000700000000, 0x000000070a980000, 0x00000007aaa80000)
  object space 173568K, 58% used [0x0000000700000000,0x00000007062e1ba0,0x000000070a980000)
 PSPermGen       total 21504K, used 6131K [0x00000006fae00000, 0x00000006fc300000, 0x0000000700000000)
  object space 21504K, 28% used [0x00000006fae00000,0x00000006fb3fce10,0x00000006fc300000)
}
Event: 14.261 GC heap before
{Heap before GC invocations=9 (full 0):
 PSYoungGen      total 558080K, used 558076K [0x00000007aaa80000, 0x00000007d3a80000, 0x0000000800000000)
  eden space 496640K, 100% used [0x00000007aaa80000,0x00000007c8f80000,0x00000007c8f80000)
  from space 61440K, 99% used [0x00000007cdc80000,0x00000007d187f178,0x00000007d1880000)
  to   space 78848K, 0% used [0x00000007c8f80000,0x00000007c8f80000,0x00000007cdc80000)
 ParOldGen       total 173568K, used 101254K [0x0000000700000000, 0x000000070a980000, 0x00000007aaa80000)
  object space 173568K, 58% used [0x0000000700000000,0x00000007062e1ba0,0x000000070a980000)
 PSPermGen       total 21504K, used 6164K [0x00000006fae00000, 0x00000006fc300000, 0x0000000700000000)
  object space 21504K, 28% used [0x00000006fae00000,0x00000006fb4050e8,0x00000006fc300000)
Event: 15.031 GC heap after
Heap after GC invocations=9 (full 0):
 PSYoungGen      total 575488K, used 78842K [0x00000007aaa80000, 0x00000007e9280000, 0x0000000800000000)
  eden space 496640K, 0% used [0x00000007aaa80000,0x00000007aaa80000,0x00000007c8f80000)
  from space 78848K, 99% used [0x00000007c8f80000,0x00000007cdc7e8d0,0x00000007cdc80000)
  to   space 114688K, 0% used [0x00000007e2280000,0x00000007e2280000,0x00000007e9280000)
 ParOldGen       total 173568K, used 157844K [0x0000000700000000, 0x000000070a980000, 0x00000007aaa80000)
  object space 173568K, 90% used [0x0000000700000000,0x0000000709a25278,0x000000070a980000)
 PSPermGen       total 21504K, used 6164K [0x00000006fae00000, 0x00000006fc300000, 0x0000000700000000)
  object space 21504K, 28% used [0x00000006fae00000,0x00000006fb4050e8,0x00000006fc300000)
}
Event: 15.031 GC heap before
{Heap before GC invocations=10 (full 1):
 PSYoungGen      total 575488K, used 78842K [0x00000007aaa80000, 0x00000007e9280000, 0x0000000800000000)
  eden space 496640K, 0% used [0x00000007aaa80000,0x00000007aaa80000,0x00000007c8f80000)
  from space 78848K, 99% used [0x00000007c8f80000,0x00000007cdc7e8d0,0x00000007cdc80000)
  to   space 114688K, 0% used [0x00000007e2280000,0x00000007e2280000,0x00000007e9280000)
 ParOldGen       total 173568K, used 157844K [0x0000000700000000, 0x000000070a980000, 0x00000007aaa80000)
  object space 173568K, 90% used [0x0000000700000000,0x0000000709a25278,0x000000070a980000)
 PSPermGen       total 21504K, used 6164K [0x00000006fae00000, 0x00000006fc300000, 0x0000000700000000)
  object space 21504K, 28% used [0x00000006fae00000,0x00000006fb4050e8,0x00000006fc300000)
Event: 20.056 GC heap after
Heap after GC invocations=10 (full 1):
 PSYoungGen      total 575488K, used 55524K [0x00000007aaa80000, 0x00000007e9280000, 0x0000000800000000)
  eden space 496640K, 0% used [0x00000007aaa80000,0x00000007aaa80000,0x00000007c8f80000)
  from space 78848K, 70% used [0x00000007c8f80000,0x00000007cc5b93a8,0x00000007cdc80000)
  to   space 114688K, 0% used [0x00000007e2280000,0x00000007e2280000,0x00000007e9280000)
 ParOldGen       total 173568K, used 173345K [0x0000000700000000, 0x000000070a980000, 0x00000007aaa80000)
  object space 173568K, 99% used [0x0000000700000000,0x000000070a948500,0x000000070a980000)
 PSPermGen       total 21504K, used 6159K [0x00000006fae00000, 0x00000006fc300000, 0x0000000700000000)
  object space 21504K, 28% used [0x00000006fae00000,0x00000006fb403cc8,0x00000006fc300000)
}

Deoptimization events (10 events):
Event: 20.316 Thread 0x0000000011298000 Uncommon trap: reason=unstable_if action=reinterpret pc=0x0000000002a9af18 method=com.android.dx.util.IntList.equals(Ljava/lang/Object;)Z @ 2
Event: 20.316 Thread 0x0000000011298000 Uncommon trap: reason=class_check action=maybe_recompile pc=0x00000000029af9f8 method=com.android.dx.cf.code.Frame.copy()Lcom/android/dx/cf/code/Frame; @ 8
Event: 20.317 Thread 0x0000000011298000 Uncommon trap: reason=unstable_if action=reinterpret pc=0x0000000002921a44 method=com.android.dx.cf.code.Merger.isPossiblyAssignableFrom(Lcom/android/dx/rop/type/TypeBearer;Lcom/android/dx/rop/type/TypeBearer;)Z @ 55
Event: 20.317 Thread 0x0000000011298000 Uncommon trap: reason=unstable_if action=reinterpret pc=0x0000000002856bf4 method=com.android.dx.cf.code.Merger.isPossiblyAssignableFrom(Lcom/android/dx/rop/type/TypeBearer;Lcom/android/dx/rop/type/TypeBearer;)Z @ 55
Event: 20.317 Thread 0x0000000011298000 Uncommon trap: reason=class_check action=maybe_recompile pc=0x00000000029fc010 method=com.android.dx.cf.code.BaseMachine.localArg(Lcom/android/dx/cf/code/Frame;I)V @ 14
Event: 20.317 Thread 0x0000000011298000 Uncommon trap: reason=class_check action=maybe_recompile pc=0x000000000287354c method=com.android.dx.cf.code.Frame.setImmutable()V @ 4
Event: 20.317 Thread 0x0000000011298000 Uncommon trap: reason=class_check action=maybe_recompile pc=0x00000000029af9f8 method=com.android.dx.cf.code.Frame.copy()Lcom/android/dx/cf/code/Frame; @ 8
Event: 20.317 Thread 0x0000000011298000 Uncommon trap: reason=class_check action=maybe_recompile pc=0x00000000029fc010 method=com.android.dx.cf.code.BaseMachine.localArg(Lcom/android/dx/cf/code/Frame;I)V @ 14
Event: 20.317 Thread 0x0000000011298000 Uncommon trap: reason=class_check action=maybe_recompile pc=0x000000000287354c method=com.android.dx.cf.code.Frame.setImmutable()V @ 4
Event: 20.317 Thread 0x0000000011298000 Uncommon trap: reason=null_assert action=make_not_entrant pc=0x00000000027fda10 method=com.android.dx.cf.code.RopperMachine.hasRet()Z @ 4

Internal exceptions (10 events):
Event: 5.037 Thread 0x0000000001eff000 Threw 0x00000007acbb62d8 at C:\re\jdk7u80\2329\hotspot\src\share\vm\prims\jvm.cpp:1319
Event: 7.218 Thread 0x0000000011227000 Implicit null exception at 0x0000000002866d0d to 0x000000000286809d
Event: 7.302 Thread 0x0000000011298800 Implicit null exception at 0x000000000299ef10 to 0x00000000029a2575
Event: 8.018 Thread 0x00000000112ab000 Implicit null exception at 0x000000000285ce16 to 0x000000000285d049
Event: 8.018 Thread 0x00000000112ab000 Implicit null exception at 0x000000000288e5d8 to 0x000000000288f1c9
Event: 8.018 Thread 0x00000000112ab000 Implicit null exception at 0x00000000027e7f0d to 0x00000000027e8221
Event: 10.400 Thread 0x0000000011227000 Implicit null exception at 0x0000000002961eeb to 0x0000000002962c79
Event: 11.256 Thread 0x0000000011298800 Threw 0x00000007b2df92b0 at C:\re\jdk7u80\2329\hotspot\src\share\vm\prims\jvm.cpp:1319
Event: 12.468 Thread 0x0000000001eff000 Threw 0x00000007aeb72c90 at C:\re\jdk7u80\2329\hotspot\src\share\vm\prims\jvm.cpp:1319
Event: 20.315 Thread 0x0000000011298000 Threw 0x00000007b20cb5b8 at C:\re\jdk7u80\2329\hotspot\src\share\vm\prims\jvm.cpp:1319

Events (10 events):
Event: 20.317 Thread 0x0000000011298000 DEOPT UNPACKING pc=0x00000000027475a4 sp=0x0000000011c7f048 mode 2
Event: 20.317 Thread 0x0000000011298000 Uncommon trap: trap_request=0xffffffde fr.pc=0x00000000029fc010
Event: 20.317 Thread 0x0000000011298000 DEOPT PACKING pc=0x00000000029fc010 sp=0x0000000011c7ef90
Event: 20.317 Thread 0x0000000011298000 DEOPT UNPACKING pc=0x00000000027475a4 sp=0x0000000011c7eea0 mode 2
Event: 20.317 Thread 0x0000000011298000 Uncommon trap: trap_request=0xffffffde fr.pc=0x000000000287354c
Event: 20.317 Thread 0x0000000011298000 DEOPT PACKING pc=0x000000000287354c sp=0x0000000011c7f0b0
Event: 20.317 Thread 0x0000000011298000 DEOPT UNPACKING pc=0x00000000027475a4 sp=0x0000000011c7f058 mode 2
Event: 20.317 Thread 0x0000000011298000 Uncommon trap: trap_request=0xffffffec fr.pc=0x00000000027fda10
Event: 20.317 Thread 0x0000000011298000 DEOPT PACKING pc=0x00000000027fda10 sp=0x0000000011c7f0c0
Event: 20.317 Thread 0x0000000011298000 DEOPT UNPACKING pc=0x00000000027475a4 sp=0x0000000011c7f058 mode 2


Dynamic libraries:
0x000000013f820000 - 0x000000013f853000 	C:\Program Files\Java\jdk1.7.0_80\bin\java.exe
0x00000000772d0000 - 0x0000000077479000 	C:\windows\SYSTEM32\ntdll.dll
0x00000000770b0000 - 0x00000000771cf000 	C:\windows\system32\kernel32.dll
0x000007fefd1b0000 - 0x000007fefd21c000 	C:\windows\system32\KERNELBASE.dll
0x0000000074e10000 - 0x0000000074e98000 	C:\windows\System32\SYSFER.DLL
0x000007fefeef0000 - 0x000007fefefcb000 	C:\windows\system32\ADVAPI32.dll
0x000007fefe880000 - 0x000007fefe91f000 	C:\windows\system32\msvcrt.dll
0x000007fefd4d0000 - 0x000007fefd4ef000 	C:\windows\SYSTEM32\sechost.dll
0x000007fefeb30000 - 0x000007fefec5d000 	C:\windows\system32\RPCRT4.dll
0x00000000771d0000 - 0x00000000772ca000 	C:\windows\system32\USER32.dll
0x000007feff1d0000 - 0x000007feff237000 	C:\windows\system32\GDI32.dll
0x000007feff240000 - 0x000007feff24e000 	C:\windows\system32\LPK.dll
0x000007feff280000 - 0x000007feff34a000 	C:\windows\system32\USP10.dll
0x000007fefb620000 - 0x000007fefb814000 	C:\windows\WinSxS\amd64_microsoft.windows.common-controls_6595b64144ccf1df_6.0.7601.18837_none_fa3b1e3d17594757\COMCTL32.dll
0x000007fefeab0000 - 0x000007fefeb21000 	C:\windows\system32\SHLWAPI.dll
0x000007feff250000 - 0x000007feff27e000 	C:\windows\system32\IMM32.DLL
0x000007fefefd0000 - 0x000007feff0d9000 	C:\windows\system32\MSCTF.dll
0x0000000078d20000 - 0x0000000078df2000 	C:\Program Files\Java\jdk1.7.0_80\jre\bin\msvcr100.dll
0x000000006e870000 - 0x000000006f049000 	C:\Program Files\Java\jdk1.7.0_80\jre\bin\server\jvm.dll
0x000007fef0fb0000 - 0x000007fef0fb9000 	C:\windows\system32\WSOCK32.dll
0x000007feff180000 - 0x000007feff1cd000 	C:\windows\system32\WS2_32.dll
0x000007fefeaa0000 - 0x000007fefeaa8000 	C:\windows\system32\NSI.dll
0x000007fefb4f0000 - 0x000007fefb52b000 	C:\windows\system32\WINMM.dll
0x0000000077490000 - 0x0000000077497000 	C:\windows\system32\PSAPI.DLL
0x00000000542f0000 - 0x00000000542ff000 	C:\Program Files\Java\jdk1.7.0_80\jre\bin\verify.dll
0x000000006d070000 - 0x000000006d098000 	C:\Program Files\Java\jdk1.7.0_80\jre\bin\java.dll
0x000000006dd60000 - 0x000000006dd76000 	C:\Program Files\Java\jdk1.7.0_80\jre\bin\zip.dll
0x000000006e700000 - 0x000000006e71a000 	C:\Program Files\Java\jdk1.7.0_80\jre\bin\net.dll
0x000007fefc8f0000 - 0x000007fefc945000 	C:\windows\system32\mswsock.dll
0x000007fefc8e0000 - 0x000007fefc8e7000 	C:\windows\System32\wship6.dll
0x0000000002460000 - 0x0000000002471000 	C:\Program Files\Java\jdk1.7.0_80\jre\bin\nio.dll

VM Arguments:
jvm_args: -Xmx4g -Dfile.encoding=windows-1252 -Duser.country=US -Duser.language=en -Duser.variant 
java_command: com.android.dx.command.Main --dex --num-threads=4 --core-library --output C:\Users\ttheiner\AndroidStudioProjects\KinoxScanner\app\build\intermediates\dex\debug C:\Users\ttheiner\AndroidStudioProjects\KinoxScanner\app\build\intermediates\classes\debug C:\Users\ttheiner\AppData\Local\Android\sdk\extras\android\m2repository\com\android\support\support-annotations\23.1.1\support-annotations-23.1.1.jar C:\Users\ttheiner\.gradle\caches\modules-2\files-2.1\com.fasterxml.jackson.core\jackson-annotations\2.7.0\19f42c154ffc689f40a77613bc32caeb17d744e3\jackson-annotations-2.7.0.jar C:\Users\ttheiner\AndroidStudioProjects\KinoxScanner\app\libs\tagsoup-1.2.1.jar C:\Users\ttheiner\.gradle\caches\modules-2\files-2.1\xml-apis\xml-apis\1.3.04\90b215f48fe42776c8c7f6e3509ec54e84fd65ef\xml-apis-1.3.04.jar C:\Users\ttheiner\.gradle\caches\modules-2\files-2.1\com.fasterxml.jackson.core\jackson-core\2.7.2\8b8310381b690e317f5f0574e9b2dd7034778b4c\jackson-core-2.7.2.jar C:\Users\ttheiner\AndroidStudioProjects\KinoxScanner\app\build\intermediates\exploded-aar\com.android.support\design\23.1.1\jars\classes.jar C:\Users\ttheiner\.gradle\caches\modules-2\files-2.1\xalan\serializer\2.7.2\24247f3bb052ee068971393bdb83e04512bb1c3c\serializer-2.7.2.jar C:\Users\ttheiner\AndroidStudioProjects\KinoxScanner\app\build\intermediates\exploded-aar\com.android.support\recyclerview-v7\23.1.1\jars\classes.jar C:\Users\ttheiner\AndroidStudioProjects\KinoxScanner\app\build\intermediates\exploded-aar\com.android.support\support-v4\23.1.1\jars\libs\internal_impl-23.1.1.jar C:\Users\ttheiner\AndroidStudioProjects\KinoxScanner\app\build\intermediates\exploded-aar\com.android.support\appcompat-v7\23.1.1\jars\classes.jar C:\Users\ttheiner\.gradle\caches\modules-2\files-2.1\joda-time\joda-time\2.8.2\d27c24204c5e507b16fec01006b3d0f1ec42aed4\joda-time-2.8.2.jar C:\Users\ttheiner\AndroidStudioProjects\KinoxScanner\app\build\intermediates\exploded-aar\com.android.support\support-v4\23.1.1\jars\classes.jar
Launcher Type: SUN_STANDARD

Environment Variables:
JAVA_HOME=C:\Program Files\Java\jdk1.8.0_72
PATH=C:\ProgramData\Oracle\Java\javapath;C:\windows\system32;C:\windows;C:\windows\System32\Wbem;C:\windows\System32\WindowsPowerShell\v1.0\;C:\windows\system32\config\systemprofile\.dnx\bin;C:\Program Files\Microsoft DNX\Dnvm\
USERNAME=TTheiner
OS=Windows_NT
PROCESSOR_IDENTIFIER=Intel64 Family 6 Model 61 Stepping 4, GenuineIntel



---------------  S Y S T E M  ---------------

OS: Windows 7 , 64 bit Build 7601 Service Pack 1

CPU:total 4 (2 cores per cpu, 2 threads per core) family 6 model 61 stepping 4, cmov, cx8, fxsr, mmx, sse, sse2, sse3, ssse3, sse4.1, sse4.2, popcnt, avx, avx2, aes, erms, ht, tsc, tscinvbit

Memory: 4k page, physical 16665252k(67400k free), swap 16663416k(4936k free)

vm_info: Java HotSpot(TM) 64-Bit Server VM (24.80-b11) for windows-amd64 JRE (1.7.0_80-b15), built on Apr 10 2015 11:26:34 by "java_re" with unknown MS VC++:1600

time: Tue Mar 01 17:48:10 2016
elapsed time: 20 seconds

