#
# There is insufficient memory for the Java Runtime Environment to continue.
# Native memory allocation (malloc) failed to allocate 65552 bytes for Chunk::new
# Possible reasons:
#   The system is out of physical RAM or swap space
#   In 32 bit mode, the process size limit was hit
# Possible solutions:
#   Reduce memory load on the system
#   Increase physical memory or swap space
#   Check if swap backing store is full
#   Use 64 bit Java on a 64 bit OS
#   Decrease Java heap size (-Xmx/-Xms)
#   Decrease number of Java threads
#   Decrease Java thread stack sizes (-Xss)
#   Set larger code cache with -XX:ReservedCodeCacheSize=
# This output file may be truncated or incomplete.
#
#  Out of Memory Error (allocation.cpp:323), pid=7864, tid=7080
#
# JRE version: Java(TM) SE Runtime Environment (7.0_80-b15) (build 1.7.0_80-b15)
# Java VM: Java HotSpot(TM) 64-Bit Server VM (24.80-b11 mixed mode windows-amd64 compressed oops)
# Failed to write core dump. Minidumps are not enabled by default on client versions of Windows
#

---------------  T H R E A D  ---------------

Current thread (0x000000000fa0a000):  JavaThread "C2 CompilerThread0" daemon [_thread_in_native, id=7080, stack(0x0000000010de0000,0x0000000010ee0000)]

Stack: [0x0000000010de0000,0x0000000010ee0000]
[error occurred during error reporting (printing stack bounds), id 0xc0000005]


[error occurred during error reporting (printing native stack), id 0xc0000005]


Current CompileTask:
C2:  46562 1844             com.android.dx.dex.file.CodeItem::writeTo0 (489 bytes)


---------------  P R O C E S S  ---------------

Java Threads: ( => current thread )
  0x000000000fa11000 JavaThread "Service Thread" daemon [_thread_blocked, id=3852, stack(0x0000000011330000,0x0000000011430000)]
  0x000000000fa0f800 JavaThread "C2 CompilerThread1" daemon [_thread_in_native, id=7172, stack(0x00000000110c0000,0x00000000111c0000)]
=>0x000000000fa0a000 JavaThread "C2 CompilerThread0" daemon [_thread_in_native, id=7080, stack(0x0000000010de0000,0x0000000010ee0000)]
  0x000000000fa07000 JavaThread "Attach Listener" daemon [_thread_blocked, id=7480, stack(0x0000000010f20000,0x0000000011020000)]
  0x000000000fa01800 JavaThread "Signal Dispatcher" daemon [_thread_blocked, id=8788, stack(0x0000000010c80000,0x0000000010d80000)]
  0x000000000f9a0800 JavaThread "Finalizer" daemon [_thread_blocked, id=6240, stack(0x0000000010aa0000,0x0000000010ba0000)]
  0x000000000f99f000 JavaThread "Reference Handler" daemon [_thread_blocked, id=7848, stack(0x00000000107f0000,0x00000000108f0000)]
  0x000000000016f000 JavaThread "main" [_thread_in_Java, id=6940, stack(0x0000000002770000,0x0000000002870000)]

Other Threads:
  0x000000000f99b800 VMThread [stack: 0x0000000010970000,0x0000000010a70000] [id=8712]
  0x000000000fa1b000 WatcherThread [stack: 0x00000000114a0000,0x00000000115a0000] [id=5916]

VM state:not at safepoint (normal execution)

VM Mutex/Monitor currently owned by a thread: None

Heap
 PSYoungGen      total 1152000K, used 208069K [0x00000007aaa80000, 0x0000000800000000, 0x0000000800000000)
  eden space 905728K, 7% used [0x00000007aaa80000,0x00000007af05dad8,0x00000007e1f00000)
  from space 246272K, 55% used [0x00000007f0f80000,0x00000007f94d3cf0,0x0000000800000000)
  to   space 246272K, 0% used [0x00000007e1f00000,0x00000007e1f00000,0x00000007f0f80000)
 ParOldGen       total 972288K, used 605969K [0x0000000700000000, 0x000000073b580000, 0x00000007aaa80000)
  object space 972288K, 62% used [0x0000000700000000,0x0000000724fc4718,0x000000073b580000)
 PSPermGen       total 21504K, used 6730K [0x00000006fae00000, 0x00000006fc300000, 0x0000000700000000)
  object space 21504K, 31% used [0x00000006fae00000,0x00000006fb492890,0x00000006fc300000)

Card table byte_map: [0x0000000005870000,0x00000000060a0000] byte_map_base: 0x0000000002099000

Polling page: 0x0000000000150000

Code Cache  [0x0000000002870000, 0x0000000002d90000, 0x0000000005870000)
 total_blobs=1884 nmethods=1643 adapters=190 free_code_cache=43988Kb largest_free_block=44982080

Compilation events (10 events):
Event: 46.483 Thread 0x000000000fa0f800 nmethod 1840 0x0000000002d73750 code [0x0000000002d73880, 0x0000000002d738f8]
Event: 46.483 Thread 0x000000000fa0f800 1841             com.android.dx.dex.code.form.Form22c::writeTo (45 bytes)
Event: 46.487 Thread 0x000000000fa0f800 nmethod 1841 0x0000000002d7e850 code [0x0000000002d7e9c0, 0x0000000002d7ee18]
Event: 46.487 Thread 0x000000000fa0f800 1842             com.android.dx.dex.code.form.Form11x::writeTo (22 bytes)
Event: 46.489 Thread 0x000000000fa0f800 nmethod 1842 0x0000000002d80f50 code [0x0000000002d810c0, 0x0000000002d81358]
Event: 46.493 Thread 0x000000000fa0a000 nmethod 1837 0x0000000002d85910 code [0x0000000002d85b20, 0x0000000002d86b08]
Event: 46.523 Thread 0x000000000fa0f800 1843 %           com.android.dx.dex.file.MixedItemSection::writeTo0 @ 27 (155 bytes)
Event: 46.527 Thread 0x000000000fa0a000 1844             com.android.dx.dex.file.CodeItem::writeTo0 (489 bytes)
Event: 46.536 Thread 0x000000000fa0f800 nmethod 1843% 0x0000000002d81f10 code [0x0000000002d820c0, 0x0000000002d82c30]
Event: 46.536 Thread 0x000000000fa0f800 1845             com.android.dx.dex.file.CodeItem::getRegistersSize (11 bytes)

GC Heap History (10 events):
Event: 24.487 GC heap before
{Heap before GC invocations=11 (full 1):
 PSYoungGen      total 1093632K, used 1093622K [0x00000007aaa80000, 0x00000007fab00000, 0x0000000800000000)
  eden space 957952K, 100% used [0x00000007aaa80000,0x00000007e5200000,0x00000007e5200000)
  from space 135680K, 99% used [0x00000007e6580000,0x00000007ee9fda88,0x00000007eea00000)
  to   space 176640K, 0% used [0x00000007efe80000,0x00000007efe80000,0x00000007fab00000)
 ParOldGen       total 347136K, used 232948K [0x0000000700000000, 0x0000000715300000, 0x00000007aaa80000)
  object space 347136K, 67% used [0x0000000700000000,0x000000070e37d048,0x0000000715300000)
 PSPermGen       total 21504K, used 6240K [0x00000006fae00000, 0x00000006fc300000, 0x0000000700000000)
  object space 21504K, 29% used [0x00000006fae00000,0x00000006fb4182e0,0x00000006fc300000)
Event: 25.499 GC heap after
Heap after GC invocations=11 (full 1):
 PSYoungGen      total 1067520K, used 176612K [0x00000007aaa80000, 0x0000000800000000, 0x0000000800000000)
  eden space 890880K, 0% used [0x00000007aaa80000,0x00000007aaa80000,0x00000007e1080000)
  from space 176640K, 99% used [0x00000007efe80000,0x00000007faaf9118,0x00000007fab00000)
  to   space 243712K, 0% used [0x00000007e1080000,0x00000007e1080000,0x00000007efe80000)
 ParOldGen       total 347136K, used 336427K [0x0000000700000000, 0x0000000715300000, 0x00000007aaa80000)
  object space 347136K, 96% used [0x0000000700000000,0x000000071488aec8,0x0000000715300000)
 PSPermGen       total 21504K, used 6240K [0x00000006fae00000, 0x00000006fc300000, 0x0000000700000000)
  object space 21504K, 29% used [0x00000006fae00000,0x00000006fb4182e0,0x00000006fc300000)
}
Event: 25.504 GC heap before
{Heap before GC invocations=12 (full 2):
 PSYoungGen      total 1067520K, used 176612K [0x00000007aaa80000, 0x0000000800000000, 0x0000000800000000)
  eden space 890880K, 0% used [0x00000007aaa80000,0x00000007aaa80000,0x00000007e1080000)
  from space 176640K, 99% used [0x00000007efe80000,0x00000007faaf9118,0x00000007fab00000)
  to   space 243712K, 0% used [0x00000007e1080000,0x00000007e1080000,0x00000007efe80000)
 ParOldGen       total 347136K, used 336427K [0x0000000700000000, 0x0000000715300000, 0x00000007aaa80000)
  object space 347136K, 96% used [0x0000000700000000,0x000000071488aec8,0x0000000715300000)
 PSPermGen       total 21504K, used 6240K [0x00000006fae00000, 0x00000006fc300000, 0x0000000700000000)
  object space 21504K, 29% used [0x00000006fae00000,0x00000006fb4182e0,0x00000006fc300000)
Event: 30.148 GC heap after
Heap after GC invocations=12 (full 2):
 PSYoungGen      total 1067520K, used 154417K [0x00000007aaa80000, 0x0000000800000000, 0x0000000800000000)
  eden space 890880K, 0% used [0x00000007aaa80000,0x00000007aaa80000,0x00000007e1080000)
  from space 176640K, 87% used [0x00000007efe80000,0x00000007f954c7d0,0x00000007fab00000)
  to   space 243712K, 0% used [0x00000007e1080000,0x00000007e1080000,0x00000007efe80000)
 ParOldGen       total 606208K, used 346759K [0x0000000700000000, 0x0000000725000000, 0x00000007aaa80000)
  object space 606208K, 57% used [0x0000000700000000,0x00000007152a1c70,0x0000000725000000)
 PSPermGen       total 21504K, used 6240K [0x00000006fae00000, 0x00000006fc300000, 0x0000000700000000)
  object space 21504K, 29% used [0x00000006fae00000,0x00000006fb4180a0,0x00000006fc300000)
}
Event: 32.680 GC heap before
{Heap before GC invocations=13 (full 2):
 PSYoungGen      total 1067520K, used 1045297K [0x00000007aaa80000, 0x0000000800000000, 0x0000000800000000)
  eden space 890880K, 100% used [0x00000007aaa80000,0x00000007e1080000,0x00000007e1080000)
  from space 176640K, 87% used [0x00000007efe80000,0x00000007f954c7d0,0x00000007fab00000)
  to   space 243712K, 0% used [0x00000007e1080000,0x00000007e1080000,0x00000007efe80000)
 ParOldGen       total 606208K, used 346759K [0x0000000700000000, 0x0000000725000000, 0x00000007aaa80000)
  object space 606208K, 57% used [0x0000000700000000,0x00000007152a1c70,0x0000000725000000)
 PSPermGen       total 21504K, used 6331K [0x00000006fae00000, 0x00000006fc300000, 0x0000000700000000)
  object space 21504K, 29% used [0x00000006fae00000,0x00000006fb42ec40,0x00000006fc300000)
Event: 33.276 GC heap after
Heap after GC invocations=13 (full 2):
 PSYoungGen      total 1134592K, used 137967K [0x00000007aaa80000, 0x0000000800000000, 0x0000000800000000)
  eden space 890880K, 0% used [0x00000007aaa80000,0x00000007aaa80000,0x00000007e1080000)
  from space 243712K, 56% used [0x00000007e1080000,0x00000007e973bfa8,0x00000007efe80000)
  to   space 246272K, 0% used [0x00000007f0f80000,0x00000007f0f80000,0x0000000800000000)
 ParOldGen       total 606208K, used 493887K [0x0000000700000000, 0x0000000725000000, 0x00000007aaa80000)
  object space 606208K, 81% used [0x0000000700000000,0x000000071e24ff38,0x0000000725000000)
 PSPermGen       total 21504K, used 6331K [0x00000006fae00000, 0x00000006fc300000, 0x0000000700000000)
  object space 21504K, 29% used [0x00000006fae00000,0x00000006fb42ec40,0x00000006fc300000)
}
Event: 33.276 GC heap before
{Heap before GC invocations=14 (full 3):
 PSYoungGen      total 1134592K, used 137967K [0x00000007aaa80000, 0x0000000800000000, 0x0000000800000000)
  eden space 890880K, 0% used [0x00000007aaa80000,0x00000007aaa80000,0x00000007e1080000)
  from space 243712K, 56% used [0x00000007e1080000,0x00000007e973bfa8,0x00000007efe80000)
  to   space 246272K, 0% used [0x00000007f0f80000,0x00000007f0f80000,0x0000000800000000)
 ParOldGen       total 606208K, used 493887K [0x0000000700000000, 0x0000000725000000, 0x00000007aaa80000)
  object space 606208K, 81% used [0x0000000700000000,0x000000071e24ff38,0x0000000725000000)
 PSPermGen       total 21504K, used 6331K [0x00000006fae00000, 0x00000006fc300000, 0x0000000700000000)
  object space 21504K, 29% used [0x00000006fae00000,0x00000006fb42ec40,0x00000006fc300000)
Event: 38.165 GC heap after
Heap after GC invocations=14 (full 3):
 PSYoungGen      total 1134592K, used 19381K [0x00000007aaa80000, 0x0000000800000000, 0x0000000800000000)
  eden space 890880K, 0% used [0x00000007aaa80000,0x00000007aaa80000,0x00000007e1080000)
  from space 243712K, 7% used [0x00000007e1080000,0x00000007e236d670,0x00000007efe80000)
  to   space 246272K, 0% used [0x00000007f0f80000,0x00000007f0f80000,0x0000000800000000)
 ParOldGen       total 972288K, used 605969K [0x0000000700000000, 0x000000073b580000, 0x00000007aaa80000)
  object space 972288K, 62% used [0x0000000700000000,0x0000000724fc4718,0x000000073b580000)
 PSPermGen       total 21504K, used 6330K [0x00000006fae00000, 0x00000006fc300000, 0x0000000700000000)
  object space 21504K, 29% used [0x00000006fae00000,0x00000006fb42eae0,0x00000006fc300000)
}
Event: 45.375 GC heap before
{Heap before GC invocations=15 (full 3):
 PSYoungGen      total 1134592K, used 910261K [0x00000007aaa80000, 0x0000000800000000, 0x0000000800000000)
  eden space 890880K, 100% used [0x00000007aaa80000,0x00000007e1080000,0x00000007e1080000)
  from space 243712K, 7% used [0x00000007e1080000,0x00000007e236d670,0x00000007efe80000)
  to   space 246272K, 0% used [0x00000007f0f80000,0x00000007f0f80000,0x0000000800000000)
 ParOldGen       total 972288K, used 605969K [0x0000000700000000, 0x000000073b580000, 0x00000007aaa80000)
  object space 972288K, 62% used [0x0000000700000000,0x0000000724fc4718,0x000000073b580000)
 PSPermGen       total 21504K, used 6659K [0x00000006fae00000, 0x00000006fc300000, 0x0000000700000000)
  object space 21504K, 30% used [0x00000006fae00000,0x00000006fb480f98,0x00000006fc300000)
Event: 45.763 GC heap after
Heap after GC invocations=15 (full 3):
 PSYoungGen      total 1152000K, used 136527K [0x00000007aaa80000, 0x0000000800000000, 0x0000000800000000)
  eden space 905728K, 0% used [0x00000007aaa80000,0x00000007aaa80000,0x00000007e1f00000)
  from space 246272K, 55% used [0x00000007f0f80000,0x00000007f94d3cf0,0x0000000800000000)
  to   space 246272K, 0% used [0x00000007e1f00000,0x00000007e1f00000,0x00000007f0f80000)
 ParOldGen       total 972288K, used 605969K [0x0000000700000000, 0x000000073b580000, 0x00000007aaa80000)
  object space 972288K, 62% used [0x0000000700000000,0x0000000724fc4718,0x000000073b580000)
 PSPermGen       total 21504K, used 6659K [0x00000006fae00000, 0x00000006fc300000, 0x0000000700000000)
  object space 21504K, 30% used [0x00000006fae00000,0x00000006fb480f98,0x00000006fc300000)
}

Deoptimization events (10 events):
Event: 46.220 Thread 0x000000000016f000 Uncommon trap: reason=class_check action=maybe_recompile pc=0x0000000002d6f218 method=com.android.dx.dex.file.UniformItemSection.writeTo0(Lcom/android/dx/util/AnnotatedOutput;)V @ 38
Event: 46.221 Thread 0x000000000016f000 Uncommon trap: reason=class_check action=maybe_recompile pc=0x0000000002d6f218 method=com.android.dx.dex.file.UniformItemSection.writeTo0(Lcom/android/dx/util/AnnotatedOutput;)V @ 38
Event: 46.222 Thread 0x000000000016f000 Uncommon trap: reason=class_check action=maybe_recompile pc=0x0000000002d6f218 method=com.android.dx.dex.file.UniformItemSection.writeTo0(Lcom/android/dx/util/AnnotatedOutput;)V @ 38
Event: 46.287 Thread 0x000000000016f000 Uncommon trap: reason=bimorphic action=maybe_recompile pc=0x0000000002d709c0 method=com.android.dx.dex.file.UniformItemSection.writeTo0(Lcom/android/dx/util/AnnotatedOutput;)V @ 11
Event: 46.287 Thread 0x000000000016f000 Uncommon trap: reason=class_check action=maybe_recompile pc=0x0000000002d77c48 method=com.android.dx.dex.file.MemberIdItem.writeTo(Lcom/android/dx/dex/file/DexFile;Lcom/android/dx/util/AnnotatedOutput;)V @ 44
Event: 46.287 Thread 0x000000000016f000 Uncommon trap: reason=class_check action=maybe_recompile pc=0x0000000002d77c48 method=com.android.dx.dex.file.MemberIdItem.writeTo(Lcom/android/dx/dex/file/DexFile;Lcom/android/dx/util/AnnotatedOutput;)V @ 44
Event: 46.287 Thread 0x000000000016f000 Uncommon trap: reason=class_check action=maybe_recompile pc=0x0000000002d77c48 method=com.android.dx.dex.file.MemberIdItem.writeTo(Lcom/android/dx/dex/file/DexFile;Lcom/android/dx/util/AnnotatedOutput;)V @ 44
Event: 46.287 Thread 0x000000000016f000 Uncommon trap: reason=class_check action=maybe_recompile pc=0x0000000002d77c48 method=com.android.dx.dex.file.MemberIdItem.writeTo(Lcom/android/dx/dex/file/DexFile;Lcom/android/dx/util/AnnotatedOutput;)V @ 44
Event: 46.388 Thread 0x000000000016f000 Uncommon trap: reason=bimorphic action=maybe_recompile pc=0x0000000002d709c0 method=com.android.dx.dex.file.UniformItemSection.writeTo0(Lcom/android/dx/util/AnnotatedOutput;)V @ 11
Event: 46.390 Thread 0x000000000016f000 Uncommon trap: reason=predicate action=maybe_recompile pc=0x0000000002d731d8 method=com.android.dx.dex.file.UniformItemSection.writeTo0(Lcom/android/dx/util/AnnotatedOutput;)V @ 21

Internal exceptions (10 events):
Event: 43.749 Thread 0x000000000016f000 Implicit null exception at 0x0000000002c50e78 to 0x0000000002c516e1
Event: 43.854 Thread 0x000000000016f000 Implicit null exception at 0x0000000002d0afb0 to 0x0000000002d0b005
Event: 44.039 Thread 0x000000000016f000 Threw 0x00000007d92bad88 at C:\re\jdk7u80\2329\hotspot\src\share\vm\prims\jvm.cpp:1319
Event: 44.085 Thread 0x000000000016f000 Implicit null exception at 0x0000000002ce3836 to 0x0000000002ce3b31
Event: 45.249 Thread 0x000000000016f000 Threw 0x00000007e0879548 at C:\re\jdk7u80\2329\hotspot\src\share\vm\prims\jvm.cpp:1319
Event: 45.252 Thread 0x000000000016f000 Threw 0x00000007e0885108 at C:\re\jdk7u80\2329\hotspot\src\share\vm\prims\jvm.cpp:1319
Event: 45.252 Thread 0x000000000016f000 Threw 0x00000007e0887cb0 at C:\re\jdk7u80\2329\hotspot\src\share\vm\prims\jvm.cpp:1319
Event: 46.013 Thread 0x000000000016f000 Threw 0x00000007adbabc78 at C:\re\jdk7u80\2329\hotspot\src\share\vm\prims\jvm.cpp:1319
Event: 46.149 Thread 0x000000000016f000 Threw 0x00000007ae741728 at C:\re\jdk7u80\2329\hotspot\src\share\vm\prims\jvm.cpp:1319
Event: 46.202 Thread 0x000000000016f000 Threw 0x00000007ae7474e0 at C:\re\jdk7u80\2329\hotspot\src\share\vm\prims\jvm.cpp:1319

Events (10 events):
Event: 46.287 Thread 0x000000000016f000 DEOPT UNPACKING pc=0x00000000028a75a4 sp=0x000000000286f4b0 mode 2
Event: 46.287 Thread 0x000000000016f000 Uncommon trap: trap_request=0xffffffde fr.pc=0x0000000002d77c48
Event: 46.287 Thread 0x000000000016f000 DEOPT PACKING pc=0x0000000002d77c48 sp=0x000000000286f510
Event: 46.287 Thread 0x000000000016f000 DEOPT UNPACKING pc=0x00000000028a75a4 sp=0x000000000286f4b0 mode 2
Event: 46.388 Thread 0x000000000016f000 Uncommon trap: trap_request=0xffffffc6 fr.pc=0x0000000002d709c0
Event: 46.388 Thread 0x000000000016f000 DEOPT PACKING pc=0x0000000002d709c0 sp=0x000000000286f5a0
Event: 46.388 Thread 0x000000000016f000 DEOPT UNPACKING pc=0x00000000028a75a4 sp=0x000000000286f558 mode 2
Event: 46.390 Thread 0x000000000016f000 Uncommon trap: trap_request=0xffffff86 fr.pc=0x0000000002d731d8
Event: 46.390 Thread 0x000000000016f000 DEOPT PACKING pc=0x0000000002d731d8 sp=0x000000000286f590
Event: 46.390 Thread 0x000000000016f000 DEOPT UNPACKING pc=0x00000000028a75a4 sp=0x000000000286f560 mode 2


Dynamic libraries:
0x000000013fac0000 - 0x000000013faf3000 	C:\Program Files\Java\jdk1.7.0_80\bin\java.exe
0x0000000076d20000 - 0x0000000076ec9000 	C:\windows\SYSTEM32\ntdll.dll
0x0000000076b00000 - 0x0000000076c1f000 	C:\windows\system32\kernel32.dll
0x000007fefcbe0000 - 0x000007fefcc4c000 	C:\windows\system32\KERNELBASE.dll
0x0000000074860000 - 0x00000000748e8000 	C:\windows\System32\SYSFER.DLL
0x000007fefdcc0000 - 0x000007fefdd9b000 	C:\windows\system32\ADVAPI32.dll
0x000007fefcf20000 - 0x000007fefcfbf000 	C:\windows\system32\msvcrt.dll
0x000007fefd300000 - 0x000007fefd31f000 	C:\windows\SYSTEM32\sechost.dll
0x000007fefd5c0000 - 0x000007fefd6ed000 	C:\windows\system32\RPCRT4.dll
0x0000000076c20000 - 0x0000000076d1a000 	C:\windows\system32\USER32.dll
0x000007fefd320000 - 0x000007fefd387000 	C:\windows\system32\GDI32.dll
0x000007fefd740000 - 0x000007fefd74e000 	C:\windows\system32\LPK.dll
0x000007fefd4f0000 - 0x000007fefd5ba000 	C:\windows\system32\USP10.dll
0x000007fefb070000 - 0x000007fefb264000 	C:\windows\WinSxS\amd64_microsoft.windows.common-controls_6595b64144ccf1df_6.0.7601.18837_none_fa3b1e3d17594757\COMCTL32.dll
0x000007fefd750000 - 0x000007fefd7c1000 	C:\windows\system32\SHLWAPI.dll
0x000007fefcfc0000 - 0x000007fefcfee000 	C:\windows\system32\IMM32.DLL
0x000007fefed10000 - 0x000007fefee19000 	C:\windows\system32\MSCTF.dll
0x0000000078c90000 - 0x0000000078d62000 	C:\Program Files\Java\jdk1.7.0_80\jre\bin\msvcr100.dll
0x000000006e9e0000 - 0x000000006f1b9000 	C:\Program Files\Java\jdk1.7.0_80\jre\bin\server\jvm.dll
0x000007fef88b0000 - 0x000007fef88b9000 	C:\windows\system32\WSOCK32.dll
0x000007fefd6f0000 - 0x000007fefd73d000 	C:\windows\system32\WS2_32.dll
0x000007fefdcb0000 - 0x000007fefdcb8000 	C:\windows\system32\NSI.dll
0x000007fefaf40000 - 0x000007fefaf7b000 	C:\windows\system32\WINMM.dll
0x0000000076ef0000 - 0x0000000076ef7000 	C:\windows\system32\PSAPI.DLL
0x0000000051040000 - 0x000000005104f000 	C:\Program Files\Java\jdk1.7.0_80\jre\bin\verify.dll
0x0000000050e50000 - 0x0000000050e78000 	C:\Program Files\Java\jdk1.7.0_80\jre\bin\java.dll
0x0000000050e90000 - 0x0000000050ea6000 	C:\Program Files\Java\jdk1.7.0_80\jre\bin\zip.dll
0x0000000050750000 - 0x000000005076a000 	C:\Program Files\Java\jdk1.7.0_80\jre\bin\net.dll
0x000007fefc340000 - 0x000007fefc395000 	C:\windows\system32\mswsock.dll
0x000007fefc330000 - 0x000007fefc337000 	C:\windows\System32\wship6.dll
0x0000000050730000 - 0x0000000050741000 	C:\Program Files\Java\jdk1.7.0_80\jre\bin\nio.dll

VM Arguments:
jvm_args: -Xmx4g -Dfile.encoding=windows-1252 -Duser.country=US -Duser.language=en -Duser.variant 
java_command: com.android.dx.command.Main --dex --num-threads=4 --core-library --output C:\Users\ttheiner\AndroidStudioProjects\KinoxScanner\app\build\intermediates\dex\debug C:\Users\ttheiner\AndroidStudioProjects\KinoxScanner\app\build\intermediates\classes\debug C:\Users\ttheiner\AndroidStudioProjects\KinoxScanner\app\build\intermediates\exploded-aar\com.android.support\animated-vector-drawable\23.2.1\jars\classes.jar C:\Users\ttheiner\AppData\Local\Android\sdk\extras\android\m2repository\com\android\support\support-annotations\23.2.1\support-annotations-23.2.1.jar C:\Users\ttheiner\AndroidStudioProjects\KinoxScanner\app\build\intermediates\exploded-aar\com.android.support\support-vector-drawable\23.2.1\jars\classes.jar C:\Users\ttheiner\.gradle\caches\modules-2\files-2.1\com.fasterxml.jackson.core\jackson-annotations\2.7.0\19f42c154ffc689f40a77613bc32caeb17d744e3\jackson-annotations-2.7.0.jar C:\Users\ttheiner\AndroidStudioProjects\KinoxScanner\app\libs\tagsoup-1.2.1.jar C:\Users\ttheiner\.gradle\caches\modules-2\files-2.1\xml-apis\xml-apis\1.3.04\90b215f48fe42776c8c7f6e3509ec54e84fd65ef\xml-apis-1.3.04.jar C:\Users\ttheiner\.gradle\caches\modules-2\files-2.1\com.fasterxml.jackson.core\jackson-core\2.7.2\8b8310381b690e317f5f0574e9b2dd7034778b4c\jackson-core-2.7.2.jar C:\Users\ttheiner\.gradle\caches\modules-2\files-2.1\xalan\serializer\2.7.2\24247f3bb052ee068971393bdb83e04512bb1c3c\serializer-2.7.2.jar C:\Users\ttheiner\AndroidStudioProjects\KinoxScanner\app\build\intermediates\exploded-aar\com.android.support\design\23.2.1\jars\classes.jar C:\Users\ttheiner\AndroidStudioProjects\KinoxScanner\app\build\intermediates\exploded-aar\com.android.support\recyclerview-v7\23.2.1\jars\classes.jar C:\Users\ttheiner\AndroidStudioProjects\KinoxScanner\app\build\intermediates\exploded-aar\com.android.support\support-v4\23.2.1\jars\libs\internal_impl-23.2.1.jar C:\Users\ttheiner\AndroidStudioProjects\KinoxScanner\app\build\intermediates\exploded-aar\com.android.support\appc
Launcher Type: SUN_STANDARD

Environment Variables:
JAVA_HOME=C:\Program Files\Java\jdk1.8.0_72
PATH=C:\Program Files (x86)\Intel\iCLS Client\;C:\Program Files\Intel\iCLS Client\;C:\ProgramData\Oracle\Java\javapath;C:\windows\system32;C:\windows;C:\windows\System32\Wbem;C:\windows\System32\WindowsPowerShell\v1.0\;C:\windows\system32\config\systemprofile\.dnx\bin;C:\Program Files\Microsoft DNX\Dnvm\;C:\Program Files\Intel\Intel(R) Management Engine Components\DAL;C:\Program Files (x86)\Intel\Intel(R) Management Engine Components\DAL;C:\Program Files\Intel\Intel(R) Management Engine Components\IPT;C:\Program Files (x86)\Intel\Intel(R) Management Engine Components\IPT;C:\Program Files (x86)\Smart Projects\IsoBuster
USERNAME=TTheiner
OS=Windows_NT
PROCESSOR_IDENTIFIER=Intel64 Family 6 Model 61 Stepping 4, GenuineIntel



---------------  S Y S T E M  ---------------

OS: Windows 7 , 64 bit Build 7601 Service Pack 1

CPU:total 4 (2 cores per cpu, 2 threads per core) family 6 model 61 stepping 4, cmov, cx8, fxsr, mmx, sse, sse2, sse3, ssse3, sse4.1, sse4.2, popcnt, avx, avx2, aes, erms, ht, tsc, tscinvbit

Memory: 4k page, physical 16662940k(68864k free), swap 16661104k(4840k free)

vm_info: Java HotSpot(TM) 64-Bit Server VM (24.80-b11) for windows-amd64 JRE (1.7.0_80-b15), built on Apr 10 2015 11:26:34 by "java_re" with unknown MS VC++:1600

time: Tue Apr 19 12:55:52 2016
elapsed time: 46 seconds

